[05:08:39] [ServerMain/INFO]: Environment: authHost='https://authserver.mojang.com', accountsHost='https://api.mojang.com', sessionHost='https://sessionserver.mojang.com', servicesHost='https://api.minecraftservices.com', name='PROD'
[05:08:41] [Worker-Main-1/INFO]: Loaded 7 recipes
[05:08:42] [Server thread/INFO]: Starting minecraft server version 1.18.2
[05:08:42] [Server thread/INFO]: Loading properties
[05:08:42] [Server thread/INFO]: This server is running Paper version git-Paper-388 (MC: 1.18.2) (Implementing API version 1.18.2-R0.1-SNAPSHOT) (Git: fc9ee65 on ver/1.18.2)
[05:08:42] [Server thread/INFO]: Server Ping Player Sample Count: 12
[05:08:42] [Server thread/INFO]: Using 4 threads for Netty based IO
[05:08:42] [Server thread/INFO]: Default game type: SURVIVAL
[05:08:42] [Server thread/INFO]: Generating keypair
[05:08:42] [Server thread/INFO]: Starting Minecraft server on *:25565
[05:08:42] [Server thread/INFO]: Using epoll channel type
[05:08:42] [Server thread/INFO]: Paper: Using libdeflate (Linux x86_64) compression from Velocity.
[05:08:42] [Server thread/INFO]: Paper: Using OpenSSL 1.1.x (Linux x86_64) cipher from Velocity.
[05:08:43] [Server thread/INFO]: Server permissions file permissions.yml is empty, ignoring it
[05:08:43] [Server thread/WARN]: **** SERVER IS RUNNING IN OFFLINE/INSECURE MODE!
[05:08:43] [Server thread/WARN]: The server will make no attempt to authenticate usernames. Beware.
[05:08:43] [Server thread/WARN]: While this makes the game possible to play without internet access, it also opens up the ability for hackers to connect with any username they choose.
[05:08:43] [Server thread/WARN]: To change this, set "online-mode" to "true" in the server.properties file.
[05:08:43] [Server thread/INFO]: Preparing level "world"
[05:08:47] [Server thread/INFO]: Preparing start region for dimension minecraft:overworld
[05:08:47] [Server thread/INFO]: Time elapsed: 335 ms
[05:08:47] [Server thread/INFO]: Preparing start region for dimension minecraft:the_nether
[05:08:48] [Server thread/INFO]: Time elapsed: 241 ms
[05:08:48] [Server thread/INFO]: Preparing start region for dimension minecraft:the_end
[05:08:48] [Server thread/INFO]: Time elapsed: 203 ms
[05:08:48] [Server thread/INFO]: Running delayed init tasks
[05:08:48] [Server thread/INFO]: Done (5.711s)! For help, type "help"
[05:08:48] [Server thread/INFO]: Timings Reset
[05:10:10] [User Authenticator #1/INFO]: UUID of player urlsxdd is f8db35a7-0016-32fa-9fe6-4aad98d6d284
[05:10:10] [Server thread/INFO]: urlsxdd joined the game
[05:10:10] [Server thread/INFO]: urlsxdd[/127.133.39.155:59215] logged in with entity id 316 at ([world]-19.205288047956813, 63.0, -270.14807883800125)
[05:13:19] [Server thread/INFO]: Villager EntityVillager['Librarian'/177, uuid='baebb2ce-dd96-4dec-b462-b4c859e6757a', l='ServerLevel[world]', x=39.38, y=63.00, z=-299.97, cpos=[2, -19], tl=17698, v=true] died, message: 'Librarian was slain by Zombie'
[05:14:47] [Server thread/INFO]: Unknown command. Type "/help" for help.
[05:14:59] [Server thread/INFO]: Unknown command. Type "/help" for help.
[05:15:20] [Async Chat Thread - #0/INFO]: <urlsxdd> xd
[05:15:28] [Server thread/INFO]: Unknown command. Type "/help" for help.
[05:15:35] [Server thread/INFO]: Unknown command. Type "/help" for help.
